{"/Users/barackobama/Documents/CODINGTESTS2024/talavera/repo3/stockApp3/src/hooks/useStocks.ts": {"path":"/Users/barackobama/Documents/CODINGTESTS2024/talavera/repo3/stockApp3/src/hooks/useStocks.ts","statementMap":{"0":{"start":{"line":6,"column":30},"end":{"line":6,"column":51}},"1":{"start":{"line":7,"column":36},"end":{"line":7,"column":51}},"2":{"start":{"line":8,"column":28},"end":{"line":8,"column":57}},"3":{"start":{"line":10,"column":2},"end":{"line":12,"column":9}},"4":{"start":{"line":11,"column":4},"end":{"line":11,"column":17}},"5":{"start":{"line":14,"column":21},"end":{"line":25,"column":3}},"6":{"start":{"line":15,"column":4},"end":{"line":15,"column":23}},"7":{"start":{"line":16,"column":4},"end":{"line":24,"column":5}},"8":{"start":{"line":17,"column":6},"end":{"line":17,"column":34}},"9":{"start":{"line":18,"column":6},"end":{"line":18,"column":21}},"10":{"start":{"line":20,"column":6},"end":{"line":20,"column":45}},"11":{"start":{"line":21,"column":6},"end":{"line":21,"column":50}},"12":{"start":{"line":23,"column":6},"end":{"line":23,"column":26}},"13":{"start":{"line":27,"column":2},"end":{"line":32,"column":4}}},"fnMap":{"0":{"name":"useStocks","decl":{"start":{"line":5,"column":16},"end":{"line":5,"column":25}},"loc":{"start":{"line":5,"column":28},"end":{"line":33,"column":1}},"line":5},"1":{"name":"(anonymous_1)","decl":{"start":{"line":10,"column":12},"end":{"line":10,"column":13}},"loc":{"start":{"line":10,"column":18},"end":{"line":12,"column":3}},"line":10},"2":{"name":"(anonymous_2)","decl":{"start":{"line":14,"column":21},"end":{"line":14,"column":22}},"loc":{"start":{"line":14,"column":33},"end":{"line":25,"column":3}},"line":14}},"branchMap":{},"s":{"0":2,"1":2,"2":2,"3":2,"4":1,"5":2,"6":1,"7":1,"8":1,"9":1,"10":0,"11":0,"12":1,"13":2},"f":{"0":2,"1":1,"2":1},"b":{},"_coverageSchema":"1a1c01bbd47fc00a2c39e90264f33305004495a9","hash":"6db57f0467b8cf3fb8814902a236ff2c790f9665"}
,"/Users/barackobama/Documents/CODINGTESTS2024/talavera/repo3/stockApp3/src/utils/stockUtils.ts": {"path":"/Users/barackobama/Documents/CODINGTESTS2024/talavera/repo3/stockApp3/src/utils/stockUtils.ts","statementMap":{"0":{"start":{"line":2,"column":19},"end":{"line":2,"column":34}},"1":{"start":{"line":3,"column":25},"end":{"line":6,"column":4}},"2":{"start":{"line":7,"column":2},"end":{"line":7,"column":66}},"3":{"start":{"line":11,"column":26},"end":{"line":11,"column":43}},"4":{"start":{"line":12,"column":2},"end":{"line":12,"column":80}},"5":{"start":{"line":16,"column":2},"end":{"line":16,"column":35}},"6":{"start":{"line":16,"column":18},"end":{"line":16,"column":35}},"7":{"start":{"line":17,"column":2},"end":{"line":17,"column":35}},"8":{"start":{"line":17,"column":18},"end":{"line":17,"column":35}},"9":{"start":{"line":18,"column":2},"end":{"line":18,"column":19}}},"fnMap":{"0":{"name":"formatPrice","decl":{"start":{"line":1,"column":16},"end":{"line":1,"column":27}},"loc":{"start":{"line":1,"column":51},"end":{"line":8,"column":1}},"line":1},"1":{"name":"formatPercentageChange","decl":{"start":{"line":10,"column":16},"end":{"line":10,"column":38}},"loc":{"start":{"line":10,"column":63},"end":{"line":13,"column":1}},"line":10},"2":{"name":"getChangeColor","decl":{"start":{"line":15,"column":16},"end":{"line":15,"column":30}},"loc":{"start":{"line":15,"column":55},"end":{"line":19,"column":1}},"line":15}},"branchMap":{"0":{"loc":{"start":{"line":7,"column":9},"end":{"line":7,"column":65}},"type":"cond-expr","locations":[{"start":{"line":7,"column":21},"end":{"line":7,"column":42}},{"start":{"line":7,"column":45},"end":{"line":7,"column":65}}],"line":7},"1":{"loc":{"start":{"line":12,"column":9},"end":{"line":12,"column":79}},"type":"cond-expr","locations":[{"start":{"line":12,"column":24},"end":{"line":12,"column":31}},{"start":{"line":12,"column":34},"end":{"line":12,"column":79}}],"line":12},"2":{"loc":{"start":{"line":12,"column":37},"end":{"line":12,"column":58}},"type":"cond-expr","locations":[{"start":{"line":12,"column":50},"end":{"line":12,"column":53}},{"start":{"line":12,"column":56},"end":{"line":12,"column":58}}],"line":12},"3":{"loc":{"start":{"line":16,"column":2},"end":{"line":16,"column":35}},"type":"if","locations":[{"start":{"line":16,"column":2},"end":{"line":16,"column":35}},{"start":{},"end":{}}],"line":16},"4":{"loc":{"start":{"line":17,"column":2},"end":{"line":17,"column":35}},"type":"if","locations":[{"start":{"line":17,"column":2},"end":{"line":17,"column":35}},{"start":{},"end":{}}],"line":17}},"s":{"0":6,"1":6,"2":6,"3":5,"4":5,"5":5,"6":2,"7":3,"8":2,"9":1},"f":{"0":6,"1":5,"2":5},"b":{"0":[2,4],"1":[1,4],"2":[2,2],"3":[2,3],"4":[2,1]},"_coverageSchema":"1a1c01bbd47fc00a2c39e90264f33305004495a9","hash":"57094eb482738107a60f54238c9a9b34c9fd3d09"}
}
