TN:
SF:src/hooks/useStocks.ts
FN:5,useStocks
FN:10,(anonymous_1)
FN:14,(anonymous_2)
FNF:3
FNH:3
FNDA:2,useStocks
FNDA:1,(anonymous_1)
FNDA:1,(anonymous_2)
DA:6,2
DA:7,2
DA:8,2
DA:10,2
DA:11,1
DA:14,2
DA:15,1
DA:16,1
DA:17,1
DA:18,1
DA:20,0
DA:21,0
DA:23,1
DA:27,2
LF:14
LH:12
BRF:0
BRH:0
end_of_record
TN:
SF:src/utils/stockUtils.ts
FN:1,formatPrice
FN:10,formatPercentageChange
FN:15,getChangeColor
FNF:3
FNH:3
FNDA:6,formatPrice
FNDA:5,formatPercentageChange
FNDA:5,getChangeColor
DA:2,6
DA:3,6
DA:7,6
DA:11,5
DA:12,5
DA:16,5
DA:17,3
DA:18,1
LF:8
LH:8
BRDA:7,0,0,2
BRDA:7,0,1,4
BRDA:12,1,0,1
BRDA:12,1,1,4
BRDA:12,2,0,2
BRDA:12,2,1,2
BRDA:16,3,0,2
BRDA:16,3,1,3
BRDA:17,4,0,2
BRDA:17,4,1,1
BRF:10
BRH:10
end_of_record
